-- The C compiler identification is GNU 11.4.0
-- The CXX compiler identification is GNU 11.4.0
-- Detecting C compiler ABI info
-- Detecting C compiler ABI info - done
-- Check for working C compiler: /usr/bin/cc - skipped
-- Detecting C compile features
-- Detecting C compile features - done
-- Detecting CXX compiler ABI info
-- Detecting CXX compiler ABI info - done
-- Check for working CXX compiler: /usr/bin/c++ - skipped
-- Detecting CXX compile features
-- Detecting CXX compile features - done
-- Found ament_cmake: 1.3.5 (/opt/ros/humble/share/ament_cmake/cmake)
-- Found Python3: /usr/bin/python3.10 (found version "3.10.12") found components: Interpreter 
-- Override CMake install command with custom implementation using symlinks instead of copying resources
-- Found trajectory_msgs: 4.2.3 (/opt/ros/humble/share/trajectory_msgs/cmake)
-- Found rosidl_generator_c: 3.1.4 (/opt/ros/humble/share/rosidl_generator_c/cmake)
-- Found rosidl_adapter: 3.1.4 (/opt/ros/humble/share/rosidl_adapter/cmake)
-- Found rosidl_generator_cpp: 3.1.4 (/opt/ros/humble/share/rosidl_generator_cpp/cmake)
-- Using all available rosidl_typesupport_c: rosidl_typesupport_fastrtps_c;rosidl_typesupport_introspection_c
-- Using all available rosidl_typesupport_cpp: rosidl_typesupport_fastrtps_cpp;rosidl_typesupport_introspection_cpp
-- Found rosidl_default_generators: 1.2.0 (/opt/ros/humble/share/rosidl_default_generators/cmake)
-- Found ament_lint_auto: 0.12.6 (/opt/ros/humble/share/ament_lint_auto/cmake)
-- Found ament_cmake_ros: 0.10.0 (/opt/ros/humble/share/ament_cmake_ros/cmake)
-- Using all available rosidl_typesupport_c: rosidl_typesupport_fastrtps_c;rosidl_typesupport_introspection_c
-- Using all available rosidl_typesupport_cpp: rosidl_typesupport_fastrtps_cpp;rosidl_typesupport_introspection_cpp
-- Found PythonInterp: /usr/bin/python3 (found suitable version "3.10.12", minimum required is "3.6") 
-- Found python_cmake_module: 0.10.0 (/opt/ros/humble/share/python_cmake_module/cmake)
-- Found PythonLibs: /usr/lib/x86_64-linux-gnu/libpython3.10.so (found suitable version "3.10.12", minimum required is "3.5") 
-- Using PYTHON_EXECUTABLE: /usr/bin/python3
-- Using PYTHON_INCLUDE_DIRS: /usr/include/python3.10
-- Using PYTHON_LIBRARIES: /usr/lib/x86_64-linux-gnu/libpython3.10.so
-- Found PythonExtra: .so  
-- Added test 'lint_cmake' to check CMake code style
-- Added test 'xmllint' to check XML markup files
-- Configuring done
-- Generating done
-- Build files have been written to: /home/yash/aerobalance_ws/src/aerobalance/build/aerobalance_interfaces
[  2%] [34m[1mGenerating C code for ROS interfaces[0m
[  5%] [34m[1mGenerating C++ code for ROS interfaces[0m
[  5%] Built target ament_cmake_python_symlink_aerobalance_interfaces
running egg_info
creating aerobalance_interfaces.egg-info
writing aerobalance_interfaces.egg-info/PKG-INFO
writing dependency_links to aerobalance_interfaces.egg-info/dependency_links.txt
writing top-level names to aerobalance_interfaces.egg-info/top_level.txt
writing manifest file 'aerobalance_interfaces.egg-info/SOURCES.txt'
reading manifest file 'aerobalance_interfaces.egg-info/SOURCES.txt'
writing manifest file 'aerobalance_interfaces.egg-info/SOURCES.txt'
[  5%] Built target ament_cmake_python_build_aerobalance_interfaces_egg
[ 10%] [32mBuilding C object CMakeFiles/aerobalance_interfaces__rosidl_generator_c.dir/rosidl_generator_c/aerobalance_interfaces/action/detail/trajectory_file_position__functions.c.o[0m
[ 10%] [32mBuilding C object CMakeFiles/aerobalance_interfaces__rosidl_generator_c.dir/rosidl_generator_c/aerobalance_interfaces/action/detail/trajectory_file_velocity__functions.c.o[0m
[ 10%] Built target aerobalance_interfaces__cpp
[ 15%] [34m[1mGenerating C++ type support dispatch for ROS interfaces[0m
[ 15%] [34m[1mGenerating C++ type support for eProsima Fast-RTPS[0m
[ 17%] [34m[1mGenerating C++ introspection for ROS interfaces[0m
[ 20%] [32m[1mLinking C shared library libaerobalance_interfaces__rosidl_generator_c.so[0m
[ 20%] Built target aerobalance_interfaces__rosidl_generator_c
[ 25%] [34m[1mGenerating C introspection for ROS interfaces[0m
[ 25%] [34m[1mGenerating C type support for eProsima Fast-RTPS[0m
[ 28%] [34m[1mGenerating C type support dispatch for ROS interfaces[0m
[ 30%] [32mBuilding CXX object CMakeFiles/aerobalance_interfaces__rosidl_typesupport_cpp.dir/rosidl_typesupport_cpp/aerobalance_interfaces/action/trajectory_file_position__type_support.cpp.o[0m
[ 33%] [32mBuilding CXX object CMakeFiles/aerobalance_interfaces__rosidl_typesupport_cpp.dir/rosidl_typesupport_cpp/aerobalance_interfaces/action/trajectory_file_velocity__type_support.cpp.o[0m
[ 35%] [32mBuilding CXX object CMakeFiles/aerobalance_interfaces__rosidl_typesupport_introspection_cpp.dir/rosidl_typesupport_introspection_cpp/aerobalance_interfaces/action/detail/trajectory_file_position__type_support.cpp.o[0m
[ 38%] [32mBuilding CXX object CMakeFiles/aerobalance_interfaces__rosidl_typesupport_introspection_cpp.dir/rosidl_typesupport_introspection_cpp/aerobalance_interfaces/action/detail/trajectory_file_velocity__type_support.cpp.o[0m
[ 41%] [32mBuilding CXX object CMakeFiles/aerobalance_interfaces__rosidl_typesupport_c.dir/rosidl_typesupport_c/aerobalance_interfaces/action/trajectory_file_position__type_support.cpp.o[0m
[ 43%] [32mBuilding CXX object CMakeFiles/aerobalance_interfaces__rosidl_typesupport_c.dir/rosidl_typesupport_c/aerobalance_interfaces/action/trajectory_file_velocity__type_support.cpp.o[0m
[ 46%] [32mBuilding CXX object CMakeFiles/aerobalance_interfaces__rosidl_typesupport_fastrtps_cpp.dir/rosidl_typesupport_fastrtps_cpp/aerobalance_interfaces/action/detail/dds_fastrtps/trajectory_file_position__type_support.cpp.o[0m
[ 48%] [32mBuilding CXX object CMakeFiles/aerobalance_interfaces__rosidl_typesupport_fastrtps_cpp.dir/rosidl_typesupport_fastrtps_cpp/aerobalance_interfaces/action/detail/dds_fastrtps/trajectory_file_velocity__type_support.cpp.o[0m
[ 51%] [32m[1mLinking CXX shared library libaerobalance_interfaces__rosidl_typesupport_c.so[0m
[ 51%] Built target aerobalance_interfaces__rosidl_typesupport_c
[ 53%] [32mBuilding C object CMakeFiles/aerobalance_interfaces__rosidl_typesupport_introspection_c.dir/rosidl_typesupport_introspection_c/aerobalance_interfaces/action/detail/trajectory_file_position__type_support.c.o[0m
[ 56%] [32mBuilding C object CMakeFiles/aerobalance_interfaces__rosidl_typesupport_introspection_c.dir/rosidl_typesupport_introspection_c/aerobalance_interfaces/action/detail/trajectory_file_velocity__type_support.c.o[0m
[ 58%] [32mBuilding CXX object CMakeFiles/aerobalance_interfaces__rosidl_typesupport_fastrtps_c.dir/rosidl_typesupport_fastrtps_c/aerobalance_interfaces/action/detail/trajectory_file_position__type_support_c.cpp.o[0m
[ 61%] [32mBuilding CXX object CMakeFiles/aerobalance_interfaces__rosidl_typesupport_fastrtps_c.dir/rosidl_typesupport_fastrtps_c/aerobalance_interfaces/action/detail/trajectory_file_velocity__type_support_c.cpp.o[0m
[ 64%] [32m[1mLinking C shared library libaerobalance_interfaces__rosidl_typesupport_introspection_c.so[0m
[ 64%] Built target aerobalance_interfaces__rosidl_typesupport_introspection_c
[ 66%] [32m[1mLinking CXX shared library libaerobalance_interfaces__rosidl_typesupport_cpp.so[0m
[ 66%] Built target aerobalance_interfaces__rosidl_typesupport_cpp
[ 69%] [32m[1mLinking CXX shared library libaerobalance_interfaces__rosidl_typesupport_fastrtps_c.so[0m
[ 69%] Built target aerobalance_interfaces__rosidl_typesupport_fastrtps_c
[ 71%] [32m[1mLinking CXX shared library libaerobalance_interfaces__rosidl_typesupport_fastrtps_cpp.so[0m
[ 74%] [32m[1mLinking CXX shared library libaerobalance_interfaces__rosidl_typesupport_introspection_cpp.so[0m
[ 74%] Built target aerobalance_interfaces__rosidl_typesupport_fastrtps_cpp
[ 74%] Built target aerobalance_interfaces__rosidl_typesupport_introspection_cpp
[ 74%] Built target aerobalance_interfaces
[ 76%] [34m[1mGenerating Python code for ROS interfaces[0m
[ 76%] Built target aerobalance_interfaces__py
[ 79%] [32mBuilding C object CMakeFiles/aerobalance_interfaces__rosidl_generator_py.dir/rosidl_generator_py/aerobalance_interfaces/action/_trajectory_file_position_s.c.o[0m
[ 82%] [32mBuilding C object CMakeFiles/aerobalance_interfaces__rosidl_generator_py.dir/rosidl_generator_py/aerobalance_interfaces/action/_trajectory_file_velocity_s.c.o[0m
[ 84%] [32m[1mLinking C shared library rosidl_generator_py/aerobalance_interfaces/libaerobalance_interfaces__rosidl_generator_py.so[0m
[ 84%] Built target aerobalance_interfaces__rosidl_generator_py
[ 92%] [32mBuilding C object CMakeFiles/aerobalance_interfaces__rosidl_typesupport_introspection_c__pyext.dir/rosidl_generator_py/aerobalance_interfaces/_aerobalance_interfaces_s.ep.rosidl_typesupport_introspection_c.c.o[0m
[ 92%] [32mBuilding C object CMakeFiles/aerobalance_interfaces__rosidl_typesupport_fastrtps_c__pyext.dir/rosidl_generator_py/aerobalance_interfaces/_aerobalance_interfaces_s.ep.rosidl_typesupport_fastrtps_c.c.o[0m
[ 92%] [32mBuilding C object CMakeFiles/aerobalance_interfaces__rosidl_typesupport_c__pyext.dir/rosidl_generator_py/aerobalance_interfaces/_aerobalance_interfaces_s.ep.rosidl_typesupport_c.c.o[0m
[ 94%] [32m[1mLinking C shared library rosidl_generator_py/aerobalance_interfaces/aerobalance_interfaces_s__rosidl_typesupport_fastrtps_c.cpython-310-x86_64-linux-gnu.so[0m
[ 97%] [32m[1mLinking C shared library rosidl_generator_py/aerobalance_interfaces/aerobalance_interfaces_s__rosidl_typesupport_c.cpython-310-x86_64-linux-gnu.so[0m
[100%] [32m[1mLinking C shared library rosidl_generator_py/aerobalance_interfaces/aerobalance_interfaces_s__rosidl_typesupport_introspection_c.cpython-310-x86_64-linux-gnu.so[0m
[100%] Built target aerobalance_interfaces__rosidl_typesupport_fastrtps_c__pyext
[100%] Built target aerobalance_interfaces__rosidl_typesupport_c__pyext
[100%] Built target aerobalance_interfaces__rosidl_typesupport_introspection_c__pyext
-- Install configuration: ""
-- Execute custom install script
-- Symlinking: /home/yash/aerobalance_ws/src/aerobalance/install/aerobalance_interfaces/share/ament_index/resource_index/rosidl_interfaces/aerobalance_interfaces
-- Symlinking: /home/yash/aerobalance_ws/src/aerobalance/install/aerobalance_interfaces/include/aerobalance_interfaces/aerobalance_interfaces/action/detail/trajectory_file_position__functions.h
-- Symlinking: /home/yash/aerobalance_ws/src/aerobalance/install/aerobalance_interfaces/include/aerobalance_interfaces/aerobalance_interfaces/action/detail/trajectory_file_position__struct.h
-- Symlinking: /home/yash/aerobalance_ws/src/aerobalance/install/aerobalance_interfaces/include/aerobalance_interfaces/aerobalance_interfaces/action/detail/trajectory_file_position__type_support.h
-- Symlinking: /home/yash/aerobalance_ws/src/aerobalance/install/aerobalance_interfaces/include/aerobalance_interfaces/aerobalance_interfaces/action/detail/trajectory_file_velocity__functions.h
-- Symlinking: /home/yash/aerobalance_ws/src/aerobalance/install/aerobalance_interfaces/include/aerobalance_interfaces/aerobalance_interfaces/action/detail/trajectory_file_velocity__struct.h
-- Symlinking: /home/yash/aerobalance_ws/src/aerobalance/install/aerobalance_interfaces/include/aerobalance_interfaces/aerobalance_interfaces/action/detail/trajectory_file_velocity__type_support.h
-- Symlinking: /home/yash/aerobalance_ws/src/aerobalance/install/aerobalance_interfaces/include/aerobalance_interfaces/aerobalance_interfaces/action/trajectory_file_position.h
-- Symlinking: /home/yash/aerobalance_ws/src/aerobalance/install/aerobalance_interfaces/include/aerobalance_interfaces/aerobalance_interfaces/action/trajectory_file_velocity.h
-- Symlinking: /home/yash/aerobalance_ws/src/aerobalance/install/aerobalance_interfaces/include/aerobalance_interfaces/aerobalance_interfaces/msg/rosidl_generator_c__visibility_control.h
-- Symlinking: /home/yash/aerobalance_ws/src/aerobalance/install/aerobalance_interfaces/share/aerobalance_interfaces/environment/library_path.sh
-- Symlinking: /home/yash/aerobalance_ws/src/aerobalance/install/aerobalance_interfaces/share/aerobalance_interfaces/environment/library_path.dsv
-- Symlinking: /home/yash/aerobalance_ws/src/aerobalance/install/aerobalance_interfaces/include/aerobalance_interfaces/aerobalance_interfaces/action/detail/trajectory_file_position__rosidl_typesupport_fastrtps_c.h
-- Symlinking: /home/yash/aerobalance_ws/src/aerobalance/install/aerobalance_interfaces/include/aerobalance_interfaces/aerobalance_interfaces/action/detail/trajectory_file_velocity__rosidl_typesupport_fastrtps_c.h
-- Symlinking: /home/yash/aerobalance_ws/src/aerobalance/install/aerobalance_interfaces/include/aerobalance_interfaces/aerobalance_interfaces/msg/rosidl_typesupport_fastrtps_c__visibility_control.h
-- Symlinking: /home/yash/aerobalance_ws/src/aerobalance/install/aerobalance_interfaces/include/aerobalance_interfaces/aerobalance_interfaces/action/detail/trajectory_file_position__builder.hpp
-- Symlinking: /home/yash/aerobalance_ws/src/aerobalance/install/aerobalance_interfaces/include/aerobalance_interfaces/aerobalance_interfaces/action/detail/trajectory_file_position__struct.hpp
-- Symlinking: /home/yash/aerobalance_ws/src/aerobalance/install/aerobalance_interfaces/include/aerobalance_interfaces/aerobalance_interfaces/action/detail/trajectory_file_position__traits.hpp
-- Symlinking: /home/yash/aerobalance_ws/src/aerobalance/install/aerobalance_interfaces/include/aerobalance_interfaces/aerobalance_interfaces/action/detail/trajectory_file_velocity__builder.hpp
-- Symlinking: /home/yash/aerobalance_ws/src/aerobalance/install/aerobalance_interfaces/include/aerobalance_interfaces/aerobalance_interfaces/action/detail/trajectory_file_velocity__struct.hpp
-- Symlinking: /home/yash/aerobalance_ws/src/aerobalance/install/aerobalance_interfaces/include/aerobalance_interfaces/aerobalance_interfaces/action/detail/trajectory_file_velocity__traits.hpp
-- Symlinking: /home/yash/aerobalance_ws/src/aerobalance/install/aerobalance_interfaces/include/aerobalance_interfaces/aerobalance_interfaces/action/trajectory_file_position.hpp
-- Symlinking: /home/yash/aerobalance_ws/src/aerobalance/install/aerobalance_interfaces/include/aerobalance_interfaces/aerobalance_interfaces/action/trajectory_file_velocity.hpp
-- Symlinking: /home/yash/aerobalance_ws/src/aerobalance/install/aerobalance_interfaces/include/aerobalance_interfaces/aerobalance_interfaces/action/detail/trajectory_file_position__rosidl_typesupport_fastrtps_cpp.hpp
-- Symlinking: /home/yash/aerobalance_ws/src/aerobalance/install/aerobalance_interfaces/include/aerobalance_interfaces/aerobalance_interfaces/action/detail/trajectory_file_velocity__rosidl_typesupport_fastrtps_cpp.hpp
-- Symlinking: /home/yash/aerobalance_ws/src/aerobalance/install/aerobalance_interfaces/include/aerobalance_interfaces/aerobalance_interfaces/msg/rosidl_typesupport_fastrtps_cpp__visibility_control.h
-- Symlinking: /home/yash/aerobalance_ws/src/aerobalance/install/aerobalance_interfaces/include/aerobalance_interfaces/aerobalance_interfaces/action/detail/trajectory_file_position__rosidl_typesupport_introspection_c.h
-- Symlinking: /home/yash/aerobalance_ws/src/aerobalance/install/aerobalance_interfaces/include/aerobalance_interfaces/aerobalance_interfaces/action/detail/trajectory_file_velocity__rosidl_typesupport_introspection_c.h
-- Symlinking: /home/yash/aerobalance_ws/src/aerobalance/install/aerobalance_interfaces/include/aerobalance_interfaces/aerobalance_interfaces/msg/rosidl_typesupport_introspection_c__visibility_control.h
-- Symlinking: /home/yash/aerobalance_ws/src/aerobalance/install/aerobalance_interfaces/include/aerobalance_interfaces/aerobalance_interfaces/action/detail/trajectory_file_position__rosidl_typesupport_introspection_cpp.hpp
-- Symlinking: /home/yash/aerobalance_ws/src/aerobalance/install/aerobalance_interfaces/include/aerobalance_interfaces/aerobalance_interfaces/action/detail/trajectory_file_velocity__rosidl_typesupport_introspection_cpp.hpp
-- Symlinking: /home/yash/aerobalance_ws/src/aerobalance/install/aerobalance_interfaces/share/aerobalance_interfaces/environment/pythonpath.sh
-- Symlinking: /home/yash/aerobalance_ws/src/aerobalance/install/aerobalance_interfaces/share/aerobalance_interfaces/environment/pythonpath.dsv
-- Symlinking: /home/yash/aerobalance_ws/src/aerobalance/install/aerobalance_interfaces/local/lib/python3.10/dist-packages/aerobalance_interfaces-0.0.0-py3.10.egg-info/PKG-INFO
-- Symlinking: /home/yash/aerobalance_ws/src/aerobalance/install/aerobalance_interfaces/local/lib/python3.10/dist-packages/aerobalance_interfaces-0.0.0-py3.10.egg-info/SOURCES.txt
-- Symlinking: /home/yash/aerobalance_ws/src/aerobalance/install/aerobalance_interfaces/local/lib/python3.10/dist-packages/aerobalance_interfaces-0.0.0-py3.10.egg-info/dependency_links.txt
-- Symlinking: /home/yash/aerobalance_ws/src/aerobalance/install/aerobalance_interfaces/local/lib/python3.10/dist-packages/aerobalance_interfaces-0.0.0-py3.10.egg-info/top_level.txt
-- Symlinking: /home/yash/aerobalance_ws/src/aerobalance/install/aerobalance_interfaces/local/lib/python3.10/dist-packages/aerobalance_interfaces/__init__.py
-- Symlinking: /home/yash/aerobalance_ws/src/aerobalance/install/aerobalance_interfaces/local/lib/python3.10/dist-packages/aerobalance_interfaces/_aerobalance_interfaces_s.ep.rosidl_typesupport_c.c
-- Symlinking: /home/yash/aerobalance_ws/src/aerobalance/install/aerobalance_interfaces/local/lib/python3.10/dist-packages/aerobalance_interfaces/_aerobalance_interfaces_s.ep.rosidl_typesupport_fastrtps_c.c
-- Symlinking: /home/yash/aerobalance_ws/src/aerobalance/install/aerobalance_interfaces/local/lib/python3.10/dist-packages/aerobalance_interfaces/_aerobalance_interfaces_s.ep.rosidl_typesupport_introspection_c.c
-- Symlinking: /home/yash/aerobalance_ws/src/aerobalance/install/aerobalance_interfaces/local/lib/python3.10/dist-packages/aerobalance_interfaces/action/__init__.py
-- Symlinking: /home/yash/aerobalance_ws/src/aerobalance/install/aerobalance_interfaces/local/lib/python3.10/dist-packages/aerobalance_interfaces/action/_trajectory_file_position.py
-- Symlinking: /home/yash/aerobalance_ws/src/aerobalance/install/aerobalance_interfaces/local/lib/python3.10/dist-packages/aerobalance_interfaces/action/_trajectory_file_position_s.c
-- Symlinking: /home/yash/aerobalance_ws/src/aerobalance/install/aerobalance_interfaces/local/lib/python3.10/dist-packages/aerobalance_interfaces/action/_trajectory_file_velocity.py
-- Symlinking: /home/yash/aerobalance_ws/src/aerobalance/install/aerobalance_interfaces/local/lib/python3.10/dist-packages/aerobalance_interfaces/action/_trajectory_file_velocity_s.c
-- Symlinking: /home/yash/aerobalance_ws/src/aerobalance/install/aerobalance_interfaces/local/lib/python3.10/dist-packages/aerobalance_interfaces/aerobalance_interfaces_s__rosidl_typesupport_c.cpython-310-x86_64-linux-gnu.so
-- Symlinking: /home/yash/aerobalance_ws/src/aerobalance/install/aerobalance_interfaces/local/lib/python3.10/dist-packages/aerobalance_interfaces/aerobalance_interfaces_s__rosidl_typesupport_fastrtps_c.cpython-310-x86_64-linux-gnu.so
-- Symlinking: /home/yash/aerobalance_ws/src/aerobalance/install/aerobalance_interfaces/local/lib/python3.10/dist-packages/aerobalance_interfaces/aerobalance_interfaces_s__rosidl_typesupport_introspection_c.cpython-310-x86_64-linux-gnu.so
-- Symlinking: /home/yash/aerobalance_ws/src/aerobalance/install/aerobalance_interfaces/local/lib/python3.10/dist-packages/aerobalance_interfaces/libaerobalance_interfaces__rosidl_generator_py.so
-- Up-to-date symlink: /home/yash/aerobalance_ws/src/aerobalance/install/aerobalance_interfaces/local/lib/python3.10/dist-packages/aerobalance_interfaces/aerobalance_interfaces_s__rosidl_typesupport_fastrtps_c.cpython-310-x86_64-linux-gnu.so
-- Up-to-date symlink: /home/yash/aerobalance_ws/src/aerobalance/install/aerobalance_interfaces/local/lib/python3.10/dist-packages/aerobalance_interfaces/aerobalance_interfaces_s__rosidl_typesupport_introspection_c.cpython-310-x86_64-linux-gnu.so
-- Up-to-date symlink: /home/yash/aerobalance_ws/src/aerobalance/install/aerobalance_interfaces/local/lib/python3.10/dist-packages/aerobalance_interfaces/aerobalance_interfaces_s__rosidl_typesupport_c.cpython-310-x86_64-linux-gnu.so
-- Symlinking: /home/yash/aerobalance_ws/src/aerobalance/install/aerobalance_interfaces/share/aerobalance_interfaces/action/TrajectoryFilePosition.idl
-- Symlinking: /home/yash/aerobalance_ws/src/aerobalance/install/aerobalance_interfaces/share/aerobalance_interfaces/action/TrajectoryFileVelocity.idl
-- Symlinking: /home/yash/aerobalance_ws/src/aerobalance/install/aerobalance_interfaces/share/aerobalance_interfaces/action/TrajectoryFilePosition.action
-- Symlinking: /home/yash/aerobalance_ws/src/aerobalance/install/aerobalance_interfaces/share/aerobalance_interfaces/action/TrajectoryFileVelocity.action
-- Symlinking: /home/yash/aerobalance_ws/src/aerobalance/install/aerobalance_interfaces/share/ament_index/resource_index/package_run_dependencies/aerobalance_interfaces
-- Symlinking: /home/yash/aerobalance_ws/src/aerobalance/install/aerobalance_interfaces/share/ament_index/resource_index/parent_prefix_path/aerobalance_interfaces
-- Symlinking: /home/yash/aerobalance_ws/src/aerobalance/install/aerobalance_interfaces/share/aerobalance_interfaces/environment/ament_prefix_path.sh
-- Symlinking: /home/yash/aerobalance_ws/src/aerobalance/install/aerobalance_interfaces/share/aerobalance_interfaces/environment/ament_prefix_path.dsv
-- Symlinking: /home/yash/aerobalance_ws/src/aerobalance/install/aerobalance_interfaces/share/aerobalance_interfaces/environment/path.sh
-- Symlinking: /home/yash/aerobalance_ws/src/aerobalance/install/aerobalance_interfaces/share/aerobalance_interfaces/environment/path.dsv
-- Symlinking: /home/yash/aerobalance_ws/src/aerobalance/install/aerobalance_interfaces/share/aerobalance_interfaces/local_setup.bash
-- Symlinking: /home/yash/aerobalance_ws/src/aerobalance/install/aerobalance_interfaces/share/aerobalance_interfaces/local_setup.sh
-- Symlinking: /home/yash/aerobalance_ws/src/aerobalance/install/aerobalance_interfaces/share/aerobalance_interfaces/local_setup.zsh
-- Symlinking: /home/yash/aerobalance_ws/src/aerobalance/install/aerobalance_interfaces/share/aerobalance_interfaces/local_setup.dsv
-- Symlinking: /home/yash/aerobalance_ws/src/aerobalance/install/aerobalance_interfaces/share/aerobalance_interfaces/package.dsv
-- Symlinking: /home/yash/aerobalance_ws/src/aerobalance/install/aerobalance_interfaces/share/ament_index/resource_index/packages/aerobalance_interfaces
-- Symlinking: /home/yash/aerobalance_ws/src/aerobalance/install/aerobalance_interfaces/share/aerobalance_interfaces/cmake/rosidl_cmake-extras.cmake
-- Symlinking: /home/yash/aerobalance_ws/src/aerobalance/install/aerobalance_interfaces/share/aerobalance_interfaces/cmake/ament_cmake_export_dependencies-extras.cmake
-- Symlinking: /home/yash/aerobalance_ws/src/aerobalance/install/aerobalance_interfaces/share/aerobalance_interfaces/cmake/ament_cmake_export_include_directories-extras.cmake
-- Symlinking: /home/yash/aerobalance_ws/src/aerobalance/install/aerobalance_interfaces/share/aerobalance_interfaces/cmake/ament_cmake_export_libraries-extras.cmake
-- Symlinking: /home/yash/aerobalance_ws/src/aerobalance/install/aerobalance_interfaces/share/aerobalance_interfaces/cmake/ament_cmake_export_targets-extras.cmake
-- Symlinking: /home/yash/aerobalance_ws/src/aerobalance/install/aerobalance_interfaces/share/aerobalance_interfaces/cmake/rosidl_cmake_export_typesupport_targets-extras.cmake
-- Symlinking: /home/yash/aerobalance_ws/src/aerobalance/install/aerobalance_interfaces/share/aerobalance_interfaces/cmake/rosidl_cmake_export_typesupport_libraries-extras.cmake
-- Symlinking: /home/yash/aerobalance_ws/src/aerobalance/install/aerobalance_interfaces/share/aerobalance_interfaces/cmake/aerobalance_interfacesConfig.cmake
-- Symlinking: /home/yash/aerobalance_ws/src/aerobalance/install/aerobalance_interfaces/share/aerobalance_interfaces/cmake/aerobalance_interfacesConfig-version.cmake
-- Symlinking: /home/yash/aerobalance_ws/src/aerobalance/install/aerobalance_interfaces/share/aerobalance_interfaces/package.xml
-- Installing: /home/yash/aerobalance_ws/src/aerobalance/install/aerobalance_interfaces/lib/libaerobalance_interfaces__rosidl_generator_c.so
-- Set runtime path of "/home/yash/aerobalance_ws/src/aerobalance/install/aerobalance_interfaces/lib/libaerobalance_interfaces__rosidl_generator_c.so" to ""
-- Installing: /home/yash/aerobalance_ws/src/aerobalance/install/aerobalance_interfaces/lib/libaerobalance_interfaces__rosidl_typesupport_fastrtps_c.so
-- Set runtime path of "/home/yash/aerobalance_ws/src/aerobalance/install/aerobalance_interfaces/lib/libaerobalance_interfaces__rosidl_typesupport_fastrtps_c.so" to ""
-- Installing: /home/yash/aerobalance_ws/src/aerobalance/install/aerobalance_interfaces/lib/libaerobalance_interfaces__rosidl_typesupport_fastrtps_cpp.so
-- Set runtime path of "/home/yash/aerobalance_ws/src/aerobalance/install/aerobalance_interfaces/lib/libaerobalance_interfaces__rosidl_typesupport_fastrtps_cpp.so" to ""
-- Installing: /home/yash/aerobalance_ws/src/aerobalance/install/aerobalance_interfaces/lib/libaerobalance_interfaces__rosidl_typesupport_introspection_c.so
-- Set runtime path of "/home/yash/aerobalance_ws/src/aerobalance/install/aerobalance_interfaces/lib/libaerobalance_interfaces__rosidl_typesupport_introspection_c.so" to ""
-- Installing: /home/yash/aerobalance_ws/src/aerobalance/install/aerobalance_interfaces/lib/libaerobalance_interfaces__rosidl_typesupport_c.so
-- Set runtime path of "/home/yash/aerobalance_ws/src/aerobalance/install/aerobalance_interfaces/lib/libaerobalance_interfaces__rosidl_typesupport_c.so" to ""
-- Installing: /home/yash/aerobalance_ws/src/aerobalance/install/aerobalance_interfaces/lib/libaerobalance_interfaces__rosidl_typesupport_introspection_cpp.so
-- Set runtime path of "/home/yash/aerobalance_ws/src/aerobalance/install/aerobalance_interfaces/lib/libaerobalance_interfaces__rosidl_typesupport_introspection_cpp.so" to ""
-- Installing: /home/yash/aerobalance_ws/src/aerobalance/install/aerobalance_interfaces/lib/libaerobalance_interfaces__rosidl_typesupport_cpp.so
-- Set runtime path of "/home/yash/aerobalance_ws/src/aerobalance/install/aerobalance_interfaces/lib/libaerobalance_interfaces__rosidl_typesupport_cpp.so" to ""
Listing '/home/yash/aerobalance_ws/src/aerobalance/install/aerobalance_interfaces/local/lib/python3.10/dist-packages/aerobalance_interfaces'...
Compiling '/home/yash/aerobalance_ws/src/aerobalance/install/aerobalance_interfaces/local/lib/python3.10/dist-packages/aerobalance_interfaces/__init__.py'...
Listing '/home/yash/aerobalance_ws/src/aerobalance/install/aerobalance_interfaces/local/lib/python3.10/dist-packages/aerobalance_interfaces/action'...
Compiling '/home/yash/aerobalance_ws/src/aerobalance/install/aerobalance_interfaces/local/lib/python3.10/dist-packages/aerobalance_interfaces/action/__init__.py'...
Compiling '/home/yash/aerobalance_ws/src/aerobalance/install/aerobalance_interfaces/local/lib/python3.10/dist-packages/aerobalance_interfaces/action/_trajectory_file_position.py'...
Compiling '/home/yash/aerobalance_ws/src/aerobalance/install/aerobalance_interfaces/local/lib/python3.10/dist-packages/aerobalance_interfaces/action/_trajectory_file_velocity.py'...
-- Installing: /home/yash/aerobalance_ws/src/aerobalance/install/aerobalance_interfaces/lib/libaerobalance_interfaces__rosidl_generator_py.so
-- Set runtime path of "/home/yash/aerobalance_ws/src/aerobalance/install/aerobalance_interfaces/lib/libaerobalance_interfaces__rosidl_generator_py.so" to ""
-- Installing: /home/yash/aerobalance_ws/src/aerobalance/install/aerobalance_interfaces/share/aerobalance_interfaces/cmake/export_aerobalance_interfaces__rosidl_generator_cExport.cmake
-- Installing: /home/yash/aerobalance_ws/src/aerobalance/install/aerobalance_interfaces/share/aerobalance_interfaces/cmake/export_aerobalance_interfaces__rosidl_generator_cExport-noconfig.cmake
-- Installing: /home/yash/aerobalance_ws/src/aerobalance/install/aerobalance_interfaces/share/aerobalance_interfaces/cmake/export_aerobalance_interfaces__rosidl_typesupport_fastrtps_cExport.cmake
-- Installing: /home/yash/aerobalance_ws/src/aerobalance/install/aerobalance_interfaces/share/aerobalance_interfaces/cmake/export_aerobalance_interfaces__rosidl_typesupport_fastrtps_cExport-noconfig.cmake
-- Installing: /home/yash/aerobalance_ws/src/aerobalance/install/aerobalance_interfaces/share/aerobalance_interfaces/cmake/export_aerobalance_interfaces__rosidl_generator_cppExport.cmake
-- Installing: /home/yash/aerobalance_ws/src/aerobalance/install/aerobalance_interfaces/share/aerobalance_interfaces/cmake/export_aerobalance_interfaces__rosidl_typesupport_fastrtps_cppExport.cmake
-- Installing: /home/yash/aerobalance_ws/src/aerobalance/install/aerobalance_interfaces/share/aerobalance_interfaces/cmake/export_aerobalance_interfaces__rosidl_typesupport_fastrtps_cppExport-noconfig.cmake
-- Installing: /home/yash/aerobalance_ws/src/aerobalance/install/aerobalance_interfaces/share/aerobalance_interfaces/cmake/aerobalance_interfaces__rosidl_typesupport_introspection_cExport.cmake
-- Installing: /home/yash/aerobalance_ws/src/aerobalance/install/aerobalance_interfaces/share/aerobalance_interfaces/cmake/aerobalance_interfaces__rosidl_typesupport_introspection_cExport-noconfig.cmake
-- Installing: /home/yash/aerobalance_ws/src/aerobalance/install/aerobalance_interfaces/share/aerobalance_interfaces/cmake/aerobalance_interfaces__rosidl_typesupport_cExport.cmake
-- Installing: /home/yash/aerobalance_ws/src/aerobalance/install/aerobalance_interfaces/share/aerobalance_interfaces/cmake/aerobalance_interfaces__rosidl_typesupport_cExport-noconfig.cmake
-- Installing: /home/yash/aerobalance_ws/src/aerobalance/install/aerobalance_interfaces/share/aerobalance_interfaces/cmake/aerobalance_interfaces__rosidl_typesupport_introspection_cppExport.cmake
-- Installing: /home/yash/aerobalance_ws/src/aerobalance/install/aerobalance_interfaces/share/aerobalance_interfaces/cmake/aerobalance_interfaces__rosidl_typesupport_introspection_cppExport-noconfig.cmake
-- Installing: /home/yash/aerobalance_ws/src/aerobalance/install/aerobalance_interfaces/share/aerobalance_interfaces/cmake/aerobalance_interfaces__rosidl_typesupport_cppExport.cmake
-- Installing: /home/yash/aerobalance_ws/src/aerobalance/install/aerobalance_interfaces/share/aerobalance_interfaces/cmake/aerobalance_interfaces__rosidl_typesupport_cppExport-noconfig.cmake
-- Installing: /home/yash/aerobalance_ws/src/aerobalance/install/aerobalance_interfaces/share/aerobalance_interfaces/cmake/export_aerobalance_interfaces__rosidl_generator_pyExport.cmake
-- Installing: /home/yash/aerobalance_ws/src/aerobalance/install/aerobalance_interfaces/share/aerobalance_interfaces/cmake/export_aerobalance_interfaces__rosidl_generator_pyExport-noconfig.cmake
