[0.205s] DEBUG:colcon:Command line arguments: ['/usr/bin/colcon', 'build', '--symlink-install']
[0.206s] DEBUG:colcon:Parsed command line arguments: Namespace(log_base=None, log_level=None, verb_name='build', build_base='build', install_base='install', merge_install=False, symlink_install=True, test_result_base=None, continue_on_error=False, executor='parallel', parallel_workers=20, event_handlers=None, ignore_user_meta=False, metas=['./colcon.meta'], base_paths=['.'], packages_ignore=None, packages_ignore_regex=None, paths=None, packages_up_to=None, packages_up_to_regex=None, packages_above=None, packages_above_and_dependencies=None, packages_above_depth=None, packages_select_by_dep=None, packages_skip_by_dep=None, packages_skip_up_to=None, packages_select_build_failed=False, packages_skip_build_finished=False, packages_select_test_failures=False, packages_skip_test_passed=False, packages_select=None, packages_skip=None, packages_select_regex=None, packages_skip_regex=None, packages_start=None, packages_end=None, allow_overriding=[], cmake_args=None, cmake_target=None, cmake_target_skip_unavailable=False, cmake_clean_cache=False, cmake_clean_first=False, cmake_force_configure=False, ament_cmake_args=None, catkin_cmake_args=None, catkin_skip_building_tests=False, verb_parser=<colcon_defaults.argument_parser.defaults.DefaultArgumentsDecorator object at 0x7f9e43fd5750>, verb_extension=<colcon_core.verb.build.BuildVerb object at 0x7f9e42c4f3a0>, main=<bound method BuildVerb.main of <colcon_core.verb.build.BuildVerb object at 0x7f9e42c4f3a0>>)
[0.218s] Level 1:colcon.colcon_core.package_discovery:discover_packages(colcon_meta) check parameters
[0.218s] Level 1:colcon.colcon_core.package_discovery:discover_packages(recursive) check parameters
[0.218s] Level 1:colcon.colcon_core.package_discovery:discover_packages(ignore) check parameters
[0.218s] Level 1:colcon.colcon_core.package_discovery:discover_packages(path) check parameters
[0.218s] Level 1:colcon.colcon_core.package_discovery:discover_packages(colcon_meta) discover
[0.218s] Level 1:colcon.colcon_core.package_discovery:discover_packages(recursive) discover
[0.218s] INFO:colcon.colcon_core.package_discovery:Crawling recursively for packages in '/home/yash/aerobalance_ws/src/aerobalance'
[0.218s] Level 1:colcon.colcon_core.package_identification:_identify(.) by extensions ['ignore', 'ignore_ament_install']
[0.218s] Level 1:colcon.colcon_core.package_identification:_identify(.) by extension 'ignore'
[0.218s] Level 1:colcon.colcon_core.package_identification:_identify(.) by extension 'ignore_ament_install'
[0.218s] Level 1:colcon.colcon_core.package_identification:_identify(.) by extensions ['colcon_pkg']
[0.218s] Level 1:colcon.colcon_core.package_identification:_identify(.) by extension 'colcon_pkg'
[0.218s] Level 1:colcon.colcon_core.package_identification:_identify(.) by extensions ['colcon_meta']
[0.218s] Level 1:colcon.colcon_core.package_identification:_identify(.) by extension 'colcon_meta'
[0.218s] Level 1:colcon.colcon_core.package_identification:_identify(.) by extensions ['ros']
[0.218s] Level 1:colcon.colcon_core.package_identification:_identify(.) by extension 'ros'
[0.224s] Level 1:colcon.colcon_core.package_identification:_identify(.) by extensions ['cmake', 'python']
[0.224s] Level 1:colcon.colcon_core.package_identification:_identify(.) by extension 'cmake'
[0.224s] Level 1:colcon.colcon_core.package_identification:_identify(.) by extension 'python'
[0.224s] Level 1:colcon.colcon_core.package_identification:_identify(.) by extensions ['python_setup_py']
[0.224s] Level 1:colcon.colcon_core.package_identification:_identify(.) by extension 'python_setup_py'
[0.224s] Level 1:colcon.colcon_core.package_identification:_identify(aerobalance_interfaces) by extensions ['ignore', 'ignore_ament_install']
[0.224s] Level 1:colcon.colcon_core.package_identification:_identify(aerobalance_interfaces) by extension 'ignore'
[0.224s] Level 1:colcon.colcon_core.package_identification:_identify(aerobalance_interfaces) by extension 'ignore_ament_install'
[0.224s] Level 1:colcon.colcon_core.package_identification:_identify(aerobalance_interfaces) by extensions ['colcon_pkg']
[0.224s] Level 1:colcon.colcon_core.package_identification:_identify(aerobalance_interfaces) by extension 'colcon_pkg'
[0.224s] Level 1:colcon.colcon_core.package_identification:_identify(aerobalance_interfaces) by extensions ['colcon_meta']
[0.225s] Level 1:colcon.colcon_core.package_identification:_identify(aerobalance_interfaces) by extension 'colcon_meta'
[0.225s] Level 1:colcon.colcon_core.package_identification:_identify(aerobalance_interfaces) by extensions ['ros']
[0.225s] Level 1:colcon.colcon_core.package_identification:_identify(aerobalance_interfaces) by extension 'ros'
[0.226s] DEBUG:colcon.colcon_core.package_identification:Package 'aerobalance_interfaces' with type 'ros.ament_cmake' and name 'aerobalance_interfaces'
[0.226s] Level 1:colcon.colcon_core.package_identification:_identify(build) by extensions ['ignore', 'ignore_ament_install']
[0.226s] Level 1:colcon.colcon_core.package_identification:_identify(build) by extension 'ignore'
[0.226s] Level 1:colcon.colcon_core.package_identification:_identify(build) ignored
[0.226s] Level 1:colcon.colcon_core.package_identification:_identify(dynamixel_joint_trajectory) by extensions ['ignore', 'ignore_ament_install']
[0.226s] Level 1:colcon.colcon_core.package_identification:_identify(dynamixel_joint_trajectory) by extension 'ignore'
[0.226s] Level 1:colcon.colcon_core.package_identification:_identify(dynamixel_joint_trajectory) by extension 'ignore_ament_install'
[0.226s] Level 1:colcon.colcon_core.package_identification:_identify(dynamixel_joint_trajectory) by extensions ['colcon_pkg']
[0.226s] Level 1:colcon.colcon_core.package_identification:_identify(dynamixel_joint_trajectory) by extension 'colcon_pkg'
[0.226s] Level 1:colcon.colcon_core.package_identification:_identify(dynamixel_joint_trajectory) by extensions ['colcon_meta']
[0.226s] Level 1:colcon.colcon_core.package_identification:_identify(dynamixel_joint_trajectory) by extension 'colcon_meta'
[0.226s] Level 1:colcon.colcon_core.package_identification:_identify(dynamixel_joint_trajectory) by extensions ['ros']
[0.226s] Level 1:colcon.colcon_core.package_identification:_identify(dynamixel_joint_trajectory) by extension 'ros'
[0.227s] DEBUG:colcon.colcon_core.package_identification:Package 'dynamixel_joint_trajectory' with type 'ros.ament_python' and name 'dynamixel_joint_trajectory'
[0.227s] Level 1:colcon.colcon_core.package_identification:_identify(dynamixel_motor_control) by extensions ['ignore', 'ignore_ament_install']
[0.227s] Level 1:colcon.colcon_core.package_identification:_identify(dynamixel_motor_control) by extension 'ignore'
[0.227s] Level 1:colcon.colcon_core.package_identification:_identify(dynamixel_motor_control) by extension 'ignore_ament_install'
[0.227s] Level 1:colcon.colcon_core.package_identification:_identify(dynamixel_motor_control) by extensions ['colcon_pkg']
[0.227s] Level 1:colcon.colcon_core.package_identification:_identify(dynamixel_motor_control) by extension 'colcon_pkg'
[0.227s] Level 1:colcon.colcon_core.package_identification:_identify(dynamixel_motor_control) by extensions ['colcon_meta']
[0.227s] Level 1:colcon.colcon_core.package_identification:_identify(dynamixel_motor_control) by extension 'colcon_meta'
[0.227s] Level 1:colcon.colcon_core.package_identification:_identify(dynamixel_motor_control) by extensions ['ros']
[0.227s] Level 1:colcon.colcon_core.package_identification:_identify(dynamixel_motor_control) by extension 'ros'
[0.227s] DEBUG:colcon.colcon_core.package_identification:Package 'dynamixel_motor_control' with type 'ros.ament_cmake' and name 'dynamixel_motor_control'
[0.227s] Level 1:colcon.colcon_core.package_identification:_identify(install) by extensions ['ignore', 'ignore_ament_install']
[0.227s] Level 1:colcon.colcon_core.package_identification:_identify(install) by extension 'ignore'
[0.227s] Level 1:colcon.colcon_core.package_identification:_identify(install) ignored
[0.228s] Level 1:colcon.colcon_core.package_identification:_identify(log) by extensions ['ignore', 'ignore_ament_install']
[0.228s] Level 1:colcon.colcon_core.package_identification:_identify(log) by extension 'ignore'
[0.228s] Level 1:colcon.colcon_core.package_identification:_identify(log) ignored
[0.228s] Level 1:colcon.colcon_core.package_discovery:discover_packages(recursive) using defaults
[0.228s] Level 1:colcon.colcon_core.package_discovery:discover_packages(ignore) discover
[0.228s] Level 1:colcon.colcon_core.package_discovery:discover_packages(ignore) using defaults
[0.228s] Level 1:colcon.colcon_core.package_discovery:discover_packages(path) discover
[0.228s] Level 1:colcon.colcon_core.package_discovery:discover_packages(path) using defaults
[0.239s] Level 1:colcon.colcon_core.package_discovery:discover_packages(prefix_path) check parameters
[0.239s] Level 1:colcon.colcon_core.package_discovery:discover_packages(prefix_path) discover
[0.241s] DEBUG:colcon.colcon_installed_package_information.package_discovery:Found 9 installed packages in /home/yash/aerobalance_ws/install
[0.241s] DEBUG:colcon.colcon_installed_package_information.package_discovery:Found 1 installed packages in /home/yash/px4_ws/install
[0.242s] DEBUG:colcon.colcon_installed_package_information.package_discovery:Found 318 installed packages in /opt/ros/humble
[0.243s] Level 1:colcon.colcon_core.package_discovery:discover_packages(prefix_path) using defaults
[0.273s] Level 5:colcon.colcon_core.verb:set package 'aerobalance_interfaces' build argument 'cmake_args' from command line to 'None'
[0.273s] Level 5:colcon.colcon_core.verb:set package 'aerobalance_interfaces' build argument 'cmake_target' from command line to 'None'
[0.273s] Level 5:colcon.colcon_core.verb:set package 'aerobalance_interfaces' build argument 'cmake_target_skip_unavailable' from command line to 'False'
[0.273s] Level 5:colcon.colcon_core.verb:set package 'aerobalance_interfaces' build argument 'cmake_clean_cache' from command line to 'False'
[0.273s] Level 5:colcon.colcon_core.verb:set package 'aerobalance_interfaces' build argument 'cmake_clean_first' from command line to 'False'
[0.273s] Level 5:colcon.colcon_core.verb:set package 'aerobalance_interfaces' build argument 'cmake_force_configure' from command line to 'False'
[0.273s] Level 5:colcon.colcon_core.verb:set package 'aerobalance_interfaces' build argument 'ament_cmake_args' from command line to 'None'
[0.273s] Level 5:colcon.colcon_core.verb:set package 'aerobalance_interfaces' build argument 'catkin_cmake_args' from command line to 'None'
[0.273s] Level 5:colcon.colcon_core.verb:set package 'aerobalance_interfaces' build argument 'catkin_skip_building_tests' from command line to 'False'
[0.273s] DEBUG:colcon.colcon_core.verb:Building package 'aerobalance_interfaces' with the following arguments: {'ament_cmake_args': None, 'build_base': '/home/yash/aerobalance_ws/src/aerobalance/build/aerobalance_interfaces', 'catkin_cmake_args': None, 'catkin_skip_building_tests': False, 'cmake_args': None, 'cmake_clean_cache': False, 'cmake_clean_first': False, 'cmake_force_configure': False, 'cmake_target': None, 'cmake_target_skip_unavailable': False, 'install_base': '/home/yash/aerobalance_ws/src/aerobalance/install/aerobalance_interfaces', 'merge_install': False, 'path': '/home/yash/aerobalance_ws/src/aerobalance/aerobalance_interfaces', 'symlink_install': True, 'test_result_base': None}
[0.273s] Level 5:colcon.colcon_core.verb:set package 'dynamixel_joint_trajectory' build argument 'cmake_args' from command line to 'None'
[0.273s] Level 5:colcon.colcon_core.verb:set package 'dynamixel_joint_trajectory' build argument 'cmake_target' from command line to 'None'
[0.273s] Level 5:colcon.colcon_core.verb:set package 'dynamixel_joint_trajectory' build argument 'cmake_target_skip_unavailable' from command line to 'False'
[0.273s] Level 5:colcon.colcon_core.verb:set package 'dynamixel_joint_trajectory' build argument 'cmake_clean_cache' from command line to 'False'
[0.273s] Level 5:colcon.colcon_core.verb:set package 'dynamixel_joint_trajectory' build argument 'cmake_clean_first' from command line to 'False'
[0.273s] Level 5:colcon.colcon_core.verb:set package 'dynamixel_joint_trajectory' build argument 'cmake_force_configure' from command line to 'False'
[0.273s] Level 5:colcon.colcon_core.verb:set package 'dynamixel_joint_trajectory' build argument 'ament_cmake_args' from command line to 'None'
[0.273s] Level 5:colcon.colcon_core.verb:set package 'dynamixel_joint_trajectory' build argument 'catkin_cmake_args' from command line to 'None'
[0.273s] Level 5:colcon.colcon_core.verb:set package 'dynamixel_joint_trajectory' build argument 'catkin_skip_building_tests' from command line to 'False'
[0.273s] DEBUG:colcon.colcon_core.verb:Building package 'dynamixel_joint_trajectory' with the following arguments: {'ament_cmake_args': None, 'build_base': '/home/yash/aerobalance_ws/src/aerobalance/build/dynamixel_joint_trajectory', 'catkin_cmake_args': None, 'catkin_skip_building_tests': False, 'cmake_args': None, 'cmake_clean_cache': False, 'cmake_clean_first': False, 'cmake_force_configure': False, 'cmake_target': None, 'cmake_target_skip_unavailable': False, 'install_base': '/home/yash/aerobalance_ws/src/aerobalance/install/dynamixel_joint_trajectory', 'merge_install': False, 'path': '/home/yash/aerobalance_ws/src/aerobalance/dynamixel_joint_trajectory', 'symlink_install': True, 'test_result_base': None}
[0.274s] Level 5:colcon.colcon_core.verb:set package 'dynamixel_motor_control' build argument 'cmake_args' from command line to 'None'
[0.274s] Level 5:colcon.colcon_core.verb:set package 'dynamixel_motor_control' build argument 'cmake_target' from command line to 'None'
[0.274s] Level 5:colcon.colcon_core.verb:set package 'dynamixel_motor_control' build argument 'cmake_target_skip_unavailable' from command line to 'False'
[0.274s] Level 5:colcon.colcon_core.verb:set package 'dynamixel_motor_control' build argument 'cmake_clean_cache' from command line to 'False'
[0.274s] Level 5:colcon.colcon_core.verb:set package 'dynamixel_motor_control' build argument 'cmake_clean_first' from command line to 'False'
[0.274s] Level 5:colcon.colcon_core.verb:set package 'dynamixel_motor_control' build argument 'cmake_force_configure' from command line to 'False'
[0.274s] Level 5:colcon.colcon_core.verb:set package 'dynamixel_motor_control' build argument 'ament_cmake_args' from command line to 'None'
[0.274s] Level 5:colcon.colcon_core.verb:set package 'dynamixel_motor_control' build argument 'catkin_cmake_args' from command line to 'None'
[0.274s] Level 5:colcon.colcon_core.verb:set package 'dynamixel_motor_control' build argument 'catkin_skip_building_tests' from command line to 'False'
[0.274s] DEBUG:colcon.colcon_core.verb:Building package 'dynamixel_motor_control' with the following arguments: {'ament_cmake_args': None, 'build_base': '/home/yash/aerobalance_ws/src/aerobalance/build/dynamixel_motor_control', 'catkin_cmake_args': None, 'catkin_skip_building_tests': False, 'cmake_args': None, 'cmake_clean_cache': False, 'cmake_clean_first': False, 'cmake_force_configure': False, 'cmake_target': None, 'cmake_target_skip_unavailable': False, 'install_base': '/home/yash/aerobalance_ws/src/aerobalance/install/dynamixel_motor_control', 'merge_install': False, 'path': '/home/yash/aerobalance_ws/src/aerobalance/dynamixel_motor_control', 'symlink_install': True, 'test_result_base': None}
[0.274s] INFO:colcon.colcon_core.executor:Executing jobs using 'parallel' executor
[0.276s] DEBUG:colcon.colcon_parallel_executor.executor.parallel:run_until_complete
[0.276s] INFO:colcon.colcon_ros.task.ament_cmake.build:Building ROS package in '/home/yash/aerobalance_ws/src/aerobalance/aerobalance_interfaces' with build type 'ament_cmake'
[0.276s] INFO:colcon.colcon_cmake.task.cmake.build:Building CMake package in '/home/yash/aerobalance_ws/src/aerobalance/aerobalance_interfaces'
[0.278s] INFO:colcon.colcon_core.plugin_system:Skipping extension 'colcon_core.shell.bat': Not used on non-Windows systems
[0.278s] INFO:colcon.colcon_core.shell:Skip shell extension 'powershell' for command environment: Not usable outside of PowerShell
[0.278s] DEBUG:colcon.colcon_core.shell:Skip shell extension 'dsv' for command environment
[0.281s] INFO:colcon.colcon_ros.task.ament_python.build:Building ROS package in '/home/yash/aerobalance_ws/src/aerobalance/dynamixel_joint_trajectory' with build type 'ament_python'
[0.282s] Level 1:colcon.colcon_core.shell:create_environment_hook('dynamixel_joint_trajectory', 'ament_prefix_path')
[0.282s] INFO:colcon.colcon_core.shell:Creating environment hook '/home/yash/aerobalance_ws/src/aerobalance/install/dynamixel_joint_trajectory/share/dynamixel_joint_trajectory/hook/ament_prefix_path.ps1'
[0.283s] INFO:colcon.colcon_core.shell:Creating environment descriptor '/home/yash/aerobalance_ws/src/aerobalance/install/dynamixel_joint_trajectory/share/dynamixel_joint_trajectory/hook/ament_prefix_path.dsv'
[0.283s] INFO:colcon.colcon_core.shell:Creating environment hook '/home/yash/aerobalance_ws/src/aerobalance/install/dynamixel_joint_trajectory/share/dynamixel_joint_trajectory/hook/ament_prefix_path.sh'
[0.284s] INFO:colcon.colcon_core.shell:Skip shell extension 'powershell' for command environment: Not usable outside of PowerShell
[0.284s] DEBUG:colcon.colcon_core.shell:Skip shell extension 'dsv' for command environment
[0.288s] INFO:colcon.colcon_ros.task.ament_cmake.build:Building ROS package in '/home/yash/aerobalance_ws/src/aerobalance/dynamixel_motor_control' with build type 'ament_cmake'
[0.288s] INFO:colcon.colcon_cmake.task.cmake.build:Building CMake package in '/home/yash/aerobalance_ws/src/aerobalance/dynamixel_motor_control'
[0.289s] INFO:colcon.colcon_core.shell:Skip shell extension 'powershell' for command environment: Not usable outside of PowerShell
[0.289s] DEBUG:colcon.colcon_core.shell:Skip shell extension 'dsv' for command environment
[0.295s] DEBUG:colcon.colcon_core.event_handler.log_command:Invoking command in '/home/yash/aerobalance_ws/src/aerobalance/build/aerobalance_interfaces': CMAKE_PREFIX_PATH=${CMAKE_PREFIX_PATH}:/home/yash/aerobalance_ws/install/dynamixel_joint_trajectory:/opt/ros/humble /usr/bin/cmake /home/yash/aerobalance_ws/src/aerobalance/aerobalance_interfaces -DAMENT_CMAKE_SYMLINK_INSTALL=1 -DCMAKE_INSTALL_PREFIX=/home/yash/aerobalance_ws/src/aerobalance/install/aerobalance_interfaces
[0.493s] INFO:colcon.colcon_core.task.python.build:Building Python package in '/home/yash/aerobalance_ws/src/aerobalance/dynamixel_joint_trajectory'
[0.494s] INFO:colcon.colcon_core.shell:Skip shell extension 'powershell' for command environment: Not usable outside of PowerShell
[0.494s] DEBUG:colcon.colcon_core.shell:Skip shell extension 'dsv' for command environment
[0.507s] DEBUG:colcon.colcon_core.event_handler.log_command:Invoking command in '/home/yash/aerobalance_ws/src/aerobalance/build/dynamixel_motor_control': CMAKE_PREFIX_PATH=${CMAKE_PREFIX_PATH}:/home/yash/aerobalance_ws/install/dynamixel_joint_trajectory:/opt/ros/humble /usr/bin/cmake /home/yash/aerobalance_ws/src/aerobalance/dynamixel_motor_control -DAMENT_CMAKE_SYMLINK_INSTALL=1 -DCMAKE_INSTALL_PREFIX=/home/yash/aerobalance_ws/src/aerobalance/install/dynamixel_motor_control
[0.735s] DEBUG:colcon.colcon_core.event_handler.log_command:Invoking command in '/home/yash/aerobalance_ws/src/aerobalance/build/dynamixel_joint_trajectory': PYTHONPATH=/home/yash/aerobalance_ws/src/aerobalance/build/dynamixel_joint_trajectory/prefix_override:/home/yash/aerobalance_ws/src/aerobalance/install/dynamixel_joint_trajectory/lib/python3.10/site-packages:${PYTHONPATH} /usr/bin/python3 setup.py develop --editable --build-directory /home/yash/aerobalance_ws/src/aerobalance/build/dynamixel_joint_trajectory/build --no-deps install_data
[1.036s] Level 1:colcon.colcon_core.shell:create_environment_hook('dynamixel_joint_trajectory', 'pythonpath_develop')
[1.037s] INFO:colcon.colcon_core.shell:Creating environment hook '/home/yash/aerobalance_ws/src/aerobalance/build/dynamixel_joint_trajectory/share/dynamixel_joint_trajectory/hook/pythonpath_develop.ps1'
[1.038s] DEBUG:colcon.colcon_core.event_handler.log_command:Invoked command in '/home/yash/aerobalance_ws/src/aerobalance/build/dynamixel_joint_trajectory' returned '0': PYTHONPATH=/home/yash/aerobalance_ws/src/aerobalance/build/dynamixel_joint_trajectory/prefix_override:/home/yash/aerobalance_ws/src/aerobalance/install/dynamixel_joint_trajectory/lib/python3.10/site-packages:${PYTHONPATH} /usr/bin/python3 setup.py develop --editable --build-directory /home/yash/aerobalance_ws/src/aerobalance/build/dynamixel_joint_trajectory/build --no-deps install_data
[1.039s] INFO:colcon.colcon_core.shell:Creating environment descriptor '/home/yash/aerobalance_ws/src/aerobalance/build/dynamixel_joint_trajectory/share/dynamixel_joint_trajectory/hook/pythonpath_develop.dsv'
[1.039s] INFO:colcon.colcon_core.shell:Creating environment hook '/home/yash/aerobalance_ws/src/aerobalance/build/dynamixel_joint_trajectory/share/dynamixel_joint_trajectory/hook/pythonpath_develop.sh'
[1.043s] Level 1:colcon.colcon_core.environment:checking '/home/yash/aerobalance_ws/src/aerobalance/install/dynamixel_joint_trajectory' for CMake module files
[1.044s] Level 1:colcon.colcon_core.environment:checking '/home/yash/aerobalance_ws/src/aerobalance/install/dynamixel_joint_trajectory' for CMake config files
[1.044s] Level 1:colcon.colcon_core.environment:checking '/home/yash/aerobalance_ws/src/aerobalance/install/dynamixel_joint_trajectory/lib'
[1.044s] Level 1:colcon.colcon_core.environment:checking '/home/yash/aerobalance_ws/src/aerobalance/install/dynamixel_joint_trajectory/bin'
[1.044s] Level 1:colcon.colcon_core.environment:checking '/home/yash/aerobalance_ws/src/aerobalance/install/dynamixel_joint_trajectory/lib/pkgconfig/dynamixel_joint_trajectory.pc'
[1.044s] Level 1:colcon.colcon_core.environment:checking '/home/yash/aerobalance_ws/src/aerobalance/install/dynamixel_joint_trajectory/lib/python3.10/site-packages'
[1.044s] Level 1:colcon.colcon_core.shell:create_environment_hook('dynamixel_joint_trajectory', 'pythonpath')
[1.045s] INFO:colcon.colcon_core.shell:Creating environment hook '/home/yash/aerobalance_ws/src/aerobalance/install/dynamixel_joint_trajectory/share/dynamixel_joint_trajectory/hook/pythonpath.ps1'
[1.045s] INFO:colcon.colcon_core.shell:Creating environment descriptor '/home/yash/aerobalance_ws/src/aerobalance/install/dynamixel_joint_trajectory/share/dynamixel_joint_trajectory/hook/pythonpath.dsv'
[1.045s] INFO:colcon.colcon_core.shell:Creating environment hook '/home/yash/aerobalance_ws/src/aerobalance/install/dynamixel_joint_trajectory/share/dynamixel_joint_trajectory/hook/pythonpath.sh'
[1.046s] Level 1:colcon.colcon_core.environment:checking '/home/yash/aerobalance_ws/src/aerobalance/install/dynamixel_joint_trajectory/bin'
[1.046s] Level 1:colcon.colcon_core.environment:create_environment_scripts_only(dynamixel_joint_trajectory)
[1.046s] INFO:colcon.colcon_core.shell:Creating package script '/home/yash/aerobalance_ws/src/aerobalance/install/dynamixel_joint_trajectory/share/dynamixel_joint_trajectory/package.ps1'
[1.047s] INFO:colcon.colcon_core.shell:Creating package descriptor '/home/yash/aerobalance_ws/src/aerobalance/install/dynamixel_joint_trajectory/share/dynamixel_joint_trajectory/package.dsv'
[1.047s] INFO:colcon.colcon_core.shell:Creating package script '/home/yash/aerobalance_ws/src/aerobalance/install/dynamixel_joint_trajectory/share/dynamixel_joint_trajectory/package.sh'
[1.047s] INFO:colcon.colcon_core.shell:Creating package script '/home/yash/aerobalance_ws/src/aerobalance/install/dynamixel_joint_trajectory/share/dynamixel_joint_trajectory/package.bash'
[1.048s] INFO:colcon.colcon_core.shell:Creating package script '/home/yash/aerobalance_ws/src/aerobalance/install/dynamixel_joint_trajectory/share/dynamixel_joint_trajectory/package.zsh'
[1.048s] Level 1:colcon.colcon_core.environment:create_file_with_runtime_dependencies(/home/yash/aerobalance_ws/src/aerobalance/install/dynamixel_joint_trajectory/share/colcon-core/packages/dynamixel_joint_trajectory)
[1.806s] DEBUG:colcon.colcon_core.event_handler.log_command:Invoked command in '/home/yash/aerobalance_ws/src/aerobalance/build/aerobalance_interfaces' returned '0': CMAKE_PREFIX_PATH=${CMAKE_PREFIX_PATH}:/home/yash/aerobalance_ws/install/dynamixel_joint_trajectory:/opt/ros/humble /usr/bin/cmake /home/yash/aerobalance_ws/src/aerobalance/aerobalance_interfaces -DAMENT_CMAKE_SYMLINK_INSTALL=1 -DCMAKE_INSTALL_PREFIX=/home/yash/aerobalance_ws/src/aerobalance/install/aerobalance_interfaces
[1.808s] DEBUG:colcon.colcon_core.event_handler.log_command:Invoking command in '/home/yash/aerobalance_ws/src/aerobalance/build/aerobalance_interfaces': CMAKE_PREFIX_PATH=${CMAKE_PREFIX_PATH}:/home/yash/aerobalance_ws/install/dynamixel_joint_trajectory:/opt/ros/humble /usr/bin/cmake --build /home/yash/aerobalance_ws/src/aerobalance/build/aerobalance_interfaces -- -j20 -l20
[2.260s] DEBUG:colcon.colcon_core.event_handler.log_command:Invoked command in '/home/yash/aerobalance_ws/src/aerobalance/build/dynamixel_motor_control' returned '0': CMAKE_PREFIX_PATH=${CMAKE_PREFIX_PATH}:/home/yash/aerobalance_ws/install/dynamixel_joint_trajectory:/opt/ros/humble /usr/bin/cmake /home/yash/aerobalance_ws/src/aerobalance/dynamixel_motor_control -DAMENT_CMAKE_SYMLINK_INSTALL=1 -DCMAKE_INSTALL_PREFIX=/home/yash/aerobalance_ws/src/aerobalance/install/dynamixel_motor_control
[2.260s] DEBUG:colcon.colcon_core.event_handler.log_command:Invoking command in '/home/yash/aerobalance_ws/src/aerobalance/build/dynamixel_motor_control': CMAKE_PREFIX_PATH=${CMAKE_PREFIX_PATH}:/home/yash/aerobalance_ws/install/dynamixel_joint_trajectory:/opt/ros/humble /usr/bin/cmake --build /home/yash/aerobalance_ws/src/aerobalance/build/dynamixel_motor_control -- -j20 -l20
[2.290s] DEBUG:colcon.colcon_core.event_handler.log_command:Invoked command in '/home/yash/aerobalance_ws/src/aerobalance/build/dynamixel_motor_control' returned '0': CMAKE_PREFIX_PATH=${CMAKE_PREFIX_PATH}:/home/yash/aerobalance_ws/install/dynamixel_joint_trajectory:/opt/ros/humble /usr/bin/cmake --build /home/yash/aerobalance_ws/src/aerobalance/build/dynamixel_motor_control -- -j20 -l20
[2.313s] DEBUG:colcon.colcon_core.event_handler.log_command:Invoking command in '/home/yash/aerobalance_ws/src/aerobalance/build/dynamixel_motor_control': CMAKE_PREFIX_PATH=${CMAKE_PREFIX_PATH}:/home/yash/aerobalance_ws/install/dynamixel_joint_trajectory:/opt/ros/humble /usr/bin/cmake --install /home/yash/aerobalance_ws/src/aerobalance/build/dynamixel_motor_control
[2.460s] Level 1:colcon.colcon_core.environment:create_environment_scripts_only(dynamixel_motor_control)
[2.462s] Level 1:colcon.colcon_core.environment:checking '/home/yash/aerobalance_ws/src/aerobalance/install/dynamixel_motor_control' for CMake module files
[2.463s] DEBUG:colcon.colcon_core.event_handler.log_command:Invoked command in '/home/yash/aerobalance_ws/src/aerobalance/build/dynamixel_motor_control' returned '0': CMAKE_PREFIX_PATH=${CMAKE_PREFIX_PATH}:/home/yash/aerobalance_ws/install/dynamixel_joint_trajectory:/opt/ros/humble /usr/bin/cmake --install /home/yash/aerobalance_ws/src/aerobalance/build/dynamixel_motor_control
[2.463s] Level 1:colcon.colcon_core.environment:checking '/home/yash/aerobalance_ws/src/aerobalance/install/dynamixel_motor_control' for CMake config files
[2.464s] Level 1:colcon.colcon_core.shell:create_environment_hook('dynamixel_motor_control', 'cmake_prefix_path')
[2.465s] INFO:colcon.colcon_core.shell:Creating environment hook '/home/yash/aerobalance_ws/src/aerobalance/install/dynamixel_motor_control/share/dynamixel_motor_control/hook/cmake_prefix_path.ps1'
[2.465s] INFO:colcon.colcon_core.shell:Creating environment descriptor '/home/yash/aerobalance_ws/src/aerobalance/install/dynamixel_motor_control/share/dynamixel_motor_control/hook/cmake_prefix_path.dsv'
[2.465s] INFO:colcon.colcon_core.shell:Creating environment hook '/home/yash/aerobalance_ws/src/aerobalance/install/dynamixel_motor_control/share/dynamixel_motor_control/hook/cmake_prefix_path.sh'
[2.466s] Level 1:colcon.colcon_core.environment:checking '/home/yash/aerobalance_ws/src/aerobalance/install/dynamixel_motor_control/bin'
[2.466s] Level 1:colcon.colcon_core.environment:checking '/home/yash/aerobalance_ws/src/aerobalance/install/dynamixel_motor_control/lib/pkgconfig/dynamixel_motor_control.pc'
[2.466s] Level 1:colcon.colcon_core.environment:checking '/home/yash/aerobalance_ws/src/aerobalance/install/dynamixel_motor_control/lib/python3.10/site-packages'
[2.466s] Level 1:colcon.colcon_core.environment:checking '/home/yash/aerobalance_ws/src/aerobalance/install/dynamixel_motor_control/bin'
[2.467s] INFO:colcon.colcon_core.shell:Creating package script '/home/yash/aerobalance_ws/src/aerobalance/install/dynamixel_motor_control/share/dynamixel_motor_control/package.ps1'
[2.467s] INFO:colcon.colcon_core.shell:Creating package descriptor '/home/yash/aerobalance_ws/src/aerobalance/install/dynamixel_motor_control/share/dynamixel_motor_control/package.dsv'
[2.468s] INFO:colcon.colcon_core.shell:Creating package script '/home/yash/aerobalance_ws/src/aerobalance/install/dynamixel_motor_control/share/dynamixel_motor_control/package.sh'
[2.468s] INFO:colcon.colcon_core.shell:Creating package script '/home/yash/aerobalance_ws/src/aerobalance/install/dynamixel_motor_control/share/dynamixel_motor_control/package.bash'
[2.468s] INFO:colcon.colcon_core.shell:Creating package script '/home/yash/aerobalance_ws/src/aerobalance/install/dynamixel_motor_control/share/dynamixel_motor_control/package.zsh'
[2.468s] Level 1:colcon.colcon_core.environment:create_file_with_runtime_dependencies(/home/yash/aerobalance_ws/src/aerobalance/install/dynamixel_motor_control/share/colcon-core/packages/dynamixel_motor_control)
[2.485s] Level 1:colcon.colcon_core.environment:create_environment_scripts_only(dynamixel_motor_control)
[2.487s] Level 1:colcon.colcon_core.environment:checking '/home/yash/aerobalance_ws/src/aerobalance/install/dynamixel_motor_control' for CMake module files
[2.488s] Level 1:colcon.colcon_core.environment:checking '/home/yash/aerobalance_ws/src/aerobalance/install/dynamixel_motor_control' for CMake config files
[2.488s] Level 1:colcon.colcon_core.shell:create_environment_hook('dynamixel_motor_control', 'cmake_prefix_path')
[2.490s] INFO:colcon.colcon_core.shell:Creating environment hook '/home/yash/aerobalance_ws/src/aerobalance/install/dynamixel_motor_control/share/dynamixel_motor_control/hook/cmake_prefix_path.ps1'
[2.491s] INFO:colcon.colcon_core.shell:Creating environment descriptor '/home/yash/aerobalance_ws/src/aerobalance/install/dynamixel_motor_control/share/dynamixel_motor_control/hook/cmake_prefix_path.dsv'
[2.491s] INFO:colcon.colcon_core.shell:Creating environment hook '/home/yash/aerobalance_ws/src/aerobalance/install/dynamixel_motor_control/share/dynamixel_motor_control/hook/cmake_prefix_path.sh'
[2.492s] Level 1:colcon.colcon_core.environment:checking '/home/yash/aerobalance_ws/src/aerobalance/install/dynamixel_motor_control/bin'
[2.492s] Level 1:colcon.colcon_core.environment:checking '/home/yash/aerobalance_ws/src/aerobalance/install/dynamixel_motor_control/lib/pkgconfig/dynamixel_motor_control.pc'
[2.493s] Level 1:colcon.colcon_core.environment:checking '/home/yash/aerobalance_ws/src/aerobalance/install/dynamixel_motor_control/lib/python3.10/site-packages'
[2.493s] Level 1:colcon.colcon_core.environment:checking '/home/yash/aerobalance_ws/src/aerobalance/install/dynamixel_motor_control/bin'
[2.495s] INFO:colcon.colcon_core.shell:Creating package script '/home/yash/aerobalance_ws/src/aerobalance/install/dynamixel_motor_control/share/dynamixel_motor_control/package.ps1'
[2.495s] INFO:colcon.colcon_core.shell:Creating package descriptor '/home/yash/aerobalance_ws/src/aerobalance/install/dynamixel_motor_control/share/dynamixel_motor_control/package.dsv'
[2.496s] INFO:colcon.colcon_core.shell:Creating package script '/home/yash/aerobalance_ws/src/aerobalance/install/dynamixel_motor_control/share/dynamixel_motor_control/package.sh'
[2.497s] INFO:colcon.colcon_core.shell:Creating package script '/home/yash/aerobalance_ws/src/aerobalance/install/dynamixel_motor_control/share/dynamixel_motor_control/package.bash'
[2.497s] INFO:colcon.colcon_core.shell:Creating package script '/home/yash/aerobalance_ws/src/aerobalance/install/dynamixel_motor_control/share/dynamixel_motor_control/package.zsh'
[2.498s] Level 1:colcon.colcon_core.environment:create_file_with_runtime_dependencies(/home/yash/aerobalance_ws/src/aerobalance/install/dynamixel_motor_control/share/colcon-core/packages/dynamixel_motor_control)
[4.441s] DEBUG:colcon.colcon_core.event_handler.log_command:Invoked command in '/home/yash/aerobalance_ws/src/aerobalance/build/aerobalance_interfaces' returned '0': CMAKE_PREFIX_PATH=${CMAKE_PREFIX_PATH}:/home/yash/aerobalance_ws/install/dynamixel_joint_trajectory:/opt/ros/humble /usr/bin/cmake --build /home/yash/aerobalance_ws/src/aerobalance/build/aerobalance_interfaces -- -j20 -l20
[4.476s] DEBUG:colcon.colcon_core.event_handler.log_command:Invoking command in '/home/yash/aerobalance_ws/src/aerobalance/build/aerobalance_interfaces': CMAKE_PREFIX_PATH=${CMAKE_PREFIX_PATH}:/home/yash/aerobalance_ws/install/dynamixel_joint_trajectory:/opt/ros/humble /usr/bin/cmake --install /home/yash/aerobalance_ws/src/aerobalance/build/aerobalance_interfaces
[4.837s] Level 1:colcon.colcon_core.environment:create_environment_scripts_only(aerobalance_interfaces)
[4.838s] Level 1:colcon.colcon_core.environment:checking '/home/yash/aerobalance_ws/src/aerobalance/install/aerobalance_interfaces' for CMake module files
[4.839s] DEBUG:colcon.colcon_core.event_handler.log_command:Invoked command in '/home/yash/aerobalance_ws/src/aerobalance/build/aerobalance_interfaces' returned '0': CMAKE_PREFIX_PATH=${CMAKE_PREFIX_PATH}:/home/yash/aerobalance_ws/install/dynamixel_joint_trajectory:/opt/ros/humble /usr/bin/cmake --install /home/yash/aerobalance_ws/src/aerobalance/build/aerobalance_interfaces
[4.839s] Level 1:colcon.colcon_core.environment:checking '/home/yash/aerobalance_ws/src/aerobalance/install/aerobalance_interfaces' for CMake config files
[4.839s] Level 1:colcon.colcon_core.shell:create_environment_hook('aerobalance_interfaces', 'cmake_prefix_path')
[4.840s] INFO:colcon.colcon_core.shell:Creating environment hook '/home/yash/aerobalance_ws/src/aerobalance/install/aerobalance_interfaces/share/aerobalance_interfaces/hook/cmake_prefix_path.ps1'
[4.840s] INFO:colcon.colcon_core.shell:Creating environment descriptor '/home/yash/aerobalance_ws/src/aerobalance/install/aerobalance_interfaces/share/aerobalance_interfaces/hook/cmake_prefix_path.dsv'
[4.840s] INFO:colcon.colcon_core.shell:Creating environment hook '/home/yash/aerobalance_ws/src/aerobalance/install/aerobalance_interfaces/share/aerobalance_interfaces/hook/cmake_prefix_path.sh'
[4.840s] Level 1:colcon.colcon_core.environment:checking '/home/yash/aerobalance_ws/src/aerobalance/install/aerobalance_interfaces/lib'
[4.840s] Level 1:colcon.colcon_core.shell:create_environment_hook('aerobalance_interfaces', 'ld_library_path_lib')
[4.841s] INFO:colcon.colcon_core.shell:Creating environment hook '/home/yash/aerobalance_ws/src/aerobalance/install/aerobalance_interfaces/share/aerobalance_interfaces/hook/ld_library_path_lib.ps1'
[4.841s] INFO:colcon.colcon_core.shell:Creating environment descriptor '/home/yash/aerobalance_ws/src/aerobalance/install/aerobalance_interfaces/share/aerobalance_interfaces/hook/ld_library_path_lib.dsv'
[4.841s] INFO:colcon.colcon_core.shell:Creating environment hook '/home/yash/aerobalance_ws/src/aerobalance/install/aerobalance_interfaces/share/aerobalance_interfaces/hook/ld_library_path_lib.sh'
[4.841s] Level 1:colcon.colcon_core.environment:checking '/home/yash/aerobalance_ws/src/aerobalance/install/aerobalance_interfaces/bin'
[4.841s] Level 1:colcon.colcon_core.environment:checking '/home/yash/aerobalance_ws/src/aerobalance/install/aerobalance_interfaces/lib/pkgconfig/aerobalance_interfaces.pc'
[4.842s] Level 1:colcon.colcon_core.environment:checking '/home/yash/aerobalance_ws/src/aerobalance/install/aerobalance_interfaces/lib/python3.10/site-packages'
[4.842s] Level 1:colcon.colcon_core.environment:checking '/home/yash/aerobalance_ws/src/aerobalance/install/aerobalance_interfaces/bin'
[4.842s] INFO:colcon.colcon_core.shell:Creating package script '/home/yash/aerobalance_ws/src/aerobalance/install/aerobalance_interfaces/share/aerobalance_interfaces/package.ps1'
[4.843s] INFO:colcon.colcon_core.shell:Creating package descriptor '/home/yash/aerobalance_ws/src/aerobalance/install/aerobalance_interfaces/share/aerobalance_interfaces/package.dsv'
[4.843s] INFO:colcon.colcon_core.shell:Creating package script '/home/yash/aerobalance_ws/src/aerobalance/install/aerobalance_interfaces/share/aerobalance_interfaces/package.sh'
[4.843s] INFO:colcon.colcon_core.shell:Creating package script '/home/yash/aerobalance_ws/src/aerobalance/install/aerobalance_interfaces/share/aerobalance_interfaces/package.bash'
[4.843s] INFO:colcon.colcon_core.shell:Creating package script '/home/yash/aerobalance_ws/src/aerobalance/install/aerobalance_interfaces/share/aerobalance_interfaces/package.zsh'
[4.843s] Level 1:colcon.colcon_core.environment:create_file_with_runtime_dependencies(/home/yash/aerobalance_ws/src/aerobalance/install/aerobalance_interfaces/share/colcon-core/packages/aerobalance_interfaces)
[4.881s] Level 1:colcon.colcon_core.environment:create_environment_scripts_only(aerobalance_interfaces)
[4.882s] Level 1:colcon.colcon_core.environment:checking '/home/yash/aerobalance_ws/src/aerobalance/install/aerobalance_interfaces' for CMake module files
[4.883s] Level 1:colcon.colcon_core.environment:checking '/home/yash/aerobalance_ws/src/aerobalance/install/aerobalance_interfaces' for CMake config files
[4.883s] Level 1:colcon.colcon_core.shell:create_environment_hook('aerobalance_interfaces', 'cmake_prefix_path')
[4.883s] INFO:colcon.colcon_core.shell:Creating environment hook '/home/yash/aerobalance_ws/src/aerobalance/install/aerobalance_interfaces/share/aerobalance_interfaces/hook/cmake_prefix_path.ps1'
[4.884s] INFO:colcon.colcon_core.shell:Creating environment descriptor '/home/yash/aerobalance_ws/src/aerobalance/install/aerobalance_interfaces/share/aerobalance_interfaces/hook/cmake_prefix_path.dsv'
[4.884s] INFO:colcon.colcon_core.shell:Creating environment hook '/home/yash/aerobalance_ws/src/aerobalance/install/aerobalance_interfaces/share/aerobalance_interfaces/hook/cmake_prefix_path.sh'
[4.884s] Level 1:colcon.colcon_core.environment:checking '/home/yash/aerobalance_ws/src/aerobalance/install/aerobalance_interfaces/lib'
[4.884s] Level 1:colcon.colcon_core.shell:create_environment_hook('aerobalance_interfaces', 'ld_library_path_lib')
[4.885s] INFO:colcon.colcon_core.shell:Creating environment hook '/home/yash/aerobalance_ws/src/aerobalance/install/aerobalance_interfaces/share/aerobalance_interfaces/hook/ld_library_path_lib.ps1'
[4.885s] INFO:colcon.colcon_core.shell:Creating environment descriptor '/home/yash/aerobalance_ws/src/aerobalance/install/aerobalance_interfaces/share/aerobalance_interfaces/hook/ld_library_path_lib.dsv'
[4.885s] INFO:colcon.colcon_core.shell:Creating environment hook '/home/yash/aerobalance_ws/src/aerobalance/install/aerobalance_interfaces/share/aerobalance_interfaces/hook/ld_library_path_lib.sh'
[4.885s] Level 1:colcon.colcon_core.environment:checking '/home/yash/aerobalance_ws/src/aerobalance/install/aerobalance_interfaces/bin'
[4.885s] Level 1:colcon.colcon_core.environment:checking '/home/yash/aerobalance_ws/src/aerobalance/install/aerobalance_interfaces/lib/pkgconfig/aerobalance_interfaces.pc'
[4.886s] Level 1:colcon.colcon_core.environment:checking '/home/yash/aerobalance_ws/src/aerobalance/install/aerobalance_interfaces/lib/python3.10/site-packages'
[4.886s] Level 1:colcon.colcon_core.environment:checking '/home/yash/aerobalance_ws/src/aerobalance/install/aerobalance_interfaces/bin'
[4.886s] INFO:colcon.colcon_core.shell:Creating package script '/home/yash/aerobalance_ws/src/aerobalance/install/aerobalance_interfaces/share/aerobalance_interfaces/package.ps1'
[4.887s] INFO:colcon.colcon_core.shell:Creating package descriptor '/home/yash/aerobalance_ws/src/aerobalance/install/aerobalance_interfaces/share/aerobalance_interfaces/package.dsv'
[4.887s] INFO:colcon.colcon_core.shell:Creating package script '/home/yash/aerobalance_ws/src/aerobalance/install/aerobalance_interfaces/share/aerobalance_interfaces/package.sh'
[4.887s] INFO:colcon.colcon_core.shell:Creating package script '/home/yash/aerobalance_ws/src/aerobalance/install/aerobalance_interfaces/share/aerobalance_interfaces/package.bash'
[4.887s] INFO:colcon.colcon_core.shell:Creating package script '/home/yash/aerobalance_ws/src/aerobalance/install/aerobalance_interfaces/share/aerobalance_interfaces/package.zsh'
[4.887s] Level 1:colcon.colcon_core.environment:create_file_with_runtime_dependencies(/home/yash/aerobalance_ws/src/aerobalance/install/aerobalance_interfaces/share/colcon-core/packages/aerobalance_interfaces)
[4.887s] DEBUG:colcon.colcon_parallel_executor.executor.parallel:closing loop
[4.888s] DEBUG:colcon.colcon_parallel_executor.executor.parallel:loop closed
[4.888s] DEBUG:colcon.colcon_parallel_executor.executor.parallel:run_until_complete finished with '0'
[4.888s] DEBUG:colcon.colcon_core.event_reactor:joining thread
[4.892s] INFO:colcon.colcon_core.plugin_system:Skipping extension 'colcon_notification.desktop_notification.terminal_notifier': Not used on non-Darwin systems
[4.892s] INFO:colcon.colcon_core.plugin_system:Skipping extension 'colcon_notification.desktop_notification.win32': Not used on non-Windows systems
[4.892s] INFO:colcon.colcon_notification.desktop_notification:Sending desktop notification using 'notify2'
[4.910s] DEBUG:colcon.colcon_core.event_reactor:joined thread
[4.911s] INFO:colcon.colcon_core.shell:Creating prefix script '/home/yash/aerobalance_ws/src/aerobalance/install/local_setup.ps1'
[4.912s] INFO:colcon.colcon_core.shell:Creating prefix util module '/home/yash/aerobalance_ws/src/aerobalance/install/_local_setup_util_ps1.py'
[4.913s] INFO:colcon.colcon_core.shell:Creating prefix chain script '/home/yash/aerobalance_ws/src/aerobalance/install/setup.ps1'
[4.914s] INFO:colcon.colcon_core.shell:Creating prefix script '/home/yash/aerobalance_ws/src/aerobalance/install/local_setup.sh'
[4.915s] INFO:colcon.colcon_core.shell:Creating prefix util module '/home/yash/aerobalance_ws/src/aerobalance/install/_local_setup_util_sh.py'
[4.915s] INFO:colcon.colcon_core.shell:Creating prefix chain script '/home/yash/aerobalance_ws/src/aerobalance/install/setup.sh'
[4.916s] INFO:colcon.colcon_core.shell:Creating prefix script '/home/yash/aerobalance_ws/src/aerobalance/install/local_setup.bash'
[4.916s] INFO:colcon.colcon_core.shell:Creating prefix chain script '/home/yash/aerobalance_ws/src/aerobalance/install/setup.bash'
[4.917s] INFO:colcon.colcon_core.shell:Creating prefix script '/home/yash/aerobalance_ws/src/aerobalance/install/local_setup.zsh'
[4.917s] INFO:colcon.colcon_core.shell:Creating prefix chain script '/home/yash/aerobalance_ws/src/aerobalance/install/setup.zsh'
